Retrieving project…
Deploying algoritmo-ts-projects/4shine
Uploading [--------------------] (0.0B/61B)
Uploading [====================] (61.0B/61B)
Inspect: https://vercel.com/algoritmo-ts-projects/4shine/3kMsMaHyi9CyGJvJ7cYe9nBEBbRT [3s]
Production: https://4shine-c4mv4nc9o-algoritmo-ts-projects.vercel.app [3s]
https://4shine-c4mv4nc9o-algoritmo-ts-projects.vercel.appBuilding...
Building...
Building: Running build in Washington, D.C., USA (East) – iad1
Building: Build machine configuration: 4 cores, 8 GB
Building: Retrieving list of deployment files...
Building: Downloading 265 deployment files...
Building: Restored build cache from previous deployment (8o54XgFUcZcM77vczmButRMUJJSa)
Building: Running "vercel build"
Building: Vercel CLI 51.2.1
Building: Installing dependencies...
Building: up to date in 1s
Building: 220 packages are looking for funding
Building: run `npm fund` for details
Building: Detected Next.js version: 16.0.10
Building: Running "npm run build"
Building: > 4shine-platform@0.1.0 build
Building: > next build
Building: [baseline-browser-mapping] The data in this module is over two months old.  To ensure accurate Baseline data, please update: `npm i baseline-browser-mapping@latest -D`
Building: ▲ Next.js 16.0.10 (Turbopack)
Building: Creating an optimized production build ...
Building: [baseline-browser-mapping] The data in this module is over two months old.  To ensure accurate Baseline data, please update: `npm i baseline-browser-mapping@latest -D`
Building: ✓ Compiled successfully in 17.5s
Building: Running TypeScript ...
Error: Command "npm run build" exited with 1
